0000000000000000 0000000000000004 b g_fsPriority
0000000000000000 a __start__
0000000000000000 T _start
0000000000000000 b _TLS_MODULE_BASE_
0000000000000004 0000000000000004 b fsdev_last_result
0000000000000008 0000000000000401 B __nx_dev_path_buf
00000000000000e0 T __nx_exit
00000000000000f0 T __nx_mod0
0000000000000130 0000000000000050 T std::__throw_logic_error(char const*)
0000000000000180 0000000000000050 T std::__throw_invalid_argument(char const*)
00000000000001d0 0000000000000050 T std::__throw_length_error(char const*)
0000000000000220 0000000000000050 T std::__throw_out_of_range(char const*)
0000000000000270 000000000000000c T std::__throw_out_of_range_fmt(char const*, ...)
000000000000027c 0000000000000034 W __gnu_cxx::__throw_concurrence_lock_error()
00000000000002b0 0000000000000034 W __gnu_cxx::__throw_concurrence_unlock_error()
00000000000002e4 0000000000000010 T std::terminate()
00000000000002f4 0000000000000010 T std::unexpected()
0000000000000304 0000000000000044 T __cxa_call_terminate
0000000000000360 0000000000000034 t _GLOBAL__sub_D_eh_globals.cc
00000000000003a0 0000000000000034 T exit
00000000000003e0 0000000000000a24 T main
0000000000000e20 00000000000001f0 t _GLOBAL__sub_I_eh_alloc.cc
0000000000001020 0000000000000038 t _GLOBAL__sub_I_eh_globals.cc
0000000000001060 t __do_global_dtors_aux
00000000000010c0 t frame_dummy
00000000000010f0 0000000000000040 t std::_Function_handler<void (unsigned long, unsigned long), main::{lambda(unsigned long, unsigned long)#1}>::_M_manager(std::_Any_data&, std::_Any_data const&, std::_Manager_operation)
0000000000001130 0000000000000054 T drawHeader(unsigned long)
0000000000001190 0000000000000158 T formatSize[abi:cxx11](unsigned long)
00000000000012f0 000000000000025c T printProgress(unsigned long, unsigned long)
0000000000001550 0000000000000018 t std::_Function_handler<void (unsigned long, unsigned long), main::{lambda(unsigned long, unsigned long)#1}>::_M_invoke(std::_Any_data const&, unsigned long&&, unsigned long&&)
0000000000001570 0000000000000008 T USBClient::USBClient()
0000000000001570 0000000000000008 T USBClient::USBClient()
0000000000001580 0000000000000010 T USBClient::~USBClient()
0000000000001580 0000000000000010 T USBClient::~USBClient()
0000000000001590 0000000000000098 T USBClient::initialize()
0000000000001630 000000000000002c T USBClient::close()
0000000000001660 00000000000004a4 T USBClient::downloadFile(std::__cxx11::basic_string<char, std::char_traits<char>, std::allocator<char> > const&, std::__cxx11::basic_string<char, std::char_traits<char>, std::allocator<char> > const&, std::function<void (unsigned long, unsigned long)>, unsigned long)
0000000000001b10 0000000000000200 W void std::vector<FileInfo, std::allocator<FileInfo> >::_M_realloc_append<FileInfo const&>(FileInfo const&)
0000000000001d10 0000000000000afc T USBClient::listFiles()
0000000000002810 00000000000000b4 t _fsCleanup
00000000000028d0 00000000000001c0 t _fsCmdNoIO
0000000000002a90 00000000000001e0 t _fsFsCmdWithInPath
0000000000002c70 00000000000001f8 t _fsFsCmdWithTwoInPaths
0000000000002e70 000000000000028c t _fsFsOpenCommon
0000000000003100 00000000000001fc t _fsFsCmdWithInPathAndOutU64
0000000000003300 00000000000000f8 t _fsObjectClose
0000000000003400 000000000000017c t _fsCmdGetSession.constprop.0
0000000000003580 00000000000002f8 T fsInitialize
0000000000003880 0000000000000048 T fsExit
00000000000038d0 0000000000000008 T fsOpenSdCardFileSystem
00000000000038e0 00000000000001ec T fsFsCreateFile
0000000000003ad0 0000000000000008 T fsFsDeleteFile
0000000000003ae0 0000000000000008 T fsFsCreateDirectory
0000000000003af0 0000000000000008 T fsFsDeleteDirectory
0000000000003b00 0000000000000008 T fsFsRenameFile
0000000000003b10 0000000000000008 T fsFsRenameDirectory
0000000000003b20 00000000000001f0 T fsFsGetEntryType
0000000000003d10 0000000000000008 T fsFsOpenFile
0000000000003d20 0000000000000008 T fsFsOpenDirectory
0000000000003d30 0000000000000008 T fsFsGetFreeSpace
0000000000003d40 0000000000000008 T fsFsGetTotalSpace
0000000000003d50 0000000000000230 T fsFsGetFileTimeStampRaw
0000000000003f80 0000000000000004 T fsFsClose
0000000000003f90 0000000000000214 T fsFileRead
00000000000041b0 00000000000001f8 T fsFileWrite
00000000000043b0 0000000000000008 T fsFileFlush
00000000000043c0 00000000000001c0 T fsFileSetSize
00000000000043c0 00000000000001c0 t fsFileSetSize.localalias
0000000000004580 00000000000001d4 T fsFileGetSize
0000000000004580 00000000000001d4 t fsFileGetSize.localalias
0000000000004760 0000000000000004 T fsFileClose
0000000000004770 0000000000000004 T fsDirClose
0000000000004780 0000000000000204 T fsDirRead
0000000000004990 00000000000000cc t _smCmifCmdInPid
0000000000004a60 0000000000000078 t _smCleanup
0000000000004ae0 0000000000000048 T smAddOverrideHandle
0000000000004b30 0000000000000054 T smGetServiceOverride
0000000000004b90 00000000000001ac T smInitialize
0000000000004d40 0000000000000048 T smExit
0000000000004d90 00000000000000d0 T smGetServiceOriginal
0000000000004e60 0000000000000120 T smGetServiceWrapper
0000000000004f80 0000000000000018 t _appletInfiniteSleepLoop
0000000000004fa0 0000000000000108 t _appletCmdGetSession
00000000000050b0 00000000000000cc t _appletCmdInU8NoOut
0000000000005180 00000000000000cc t _appletCmdInU32NoOut
0000000000005250 000000000000012c t _appletGetSessionProxy.constprop.0
0000000000005380 0000000000000148 t _appletOpenLibraryAppletProxy.constprop.0
00000000000054d0 00000000000000f8 t _appletCmdGetEvent
00000000000055d0 00000000000000d4 t _appletCmdNoInOutU8.isra.0
00000000000056b0 00000000000000d4 t _appletCmdNoInOutU32.isra.0
0000000000005790 00000000000000d4 t _appletCmdNoInOutU64.isra.0
0000000000005870 00000000000000c0 t _appletCmdNoIO.isra.0
0000000000005930 0000000000000010 T appletGetAppletType
0000000000005940 00000000000001b8 T appletSetFocusHandlingMode
0000000000005b00 000000000000005c T appletSetCpuBoostMode
0000000000005b60 000000000000002c T appletCreateManagedDisplayLayer
0000000000005b90 000000000000000c T appletGetAppletResourceUserId
0000000000005ba0 0000000000000138 t _appletHolderCreateState
0000000000005ce0 00000000000000b0 T appletHolderClose
0000000000005d90 0000000000000024 T appletHolderGetLibraryAppletInfo
0000000000005dc0 0000000000000090 T appletNotifyRunning
0000000000005e50 0000000000000078 T appletSetGamePlayRecordingState
0000000000005ed0 0000000000000ad4 t _appletCleanup
00000000000069b0 0000000000000048 T appletExit
0000000000006a00 0000000000000040 T appletGetLibraryAppletInfo
0000000000006a40 0000000000000c14 T appletInitialize
0000000000007660 0000000000000024 t _appletExitProcess
0000000000007690 0000000000000074 T appletGetMessage
0000000000007710 0000000000000264 T appletProcessMessage
0000000000007980 0000000000000034 T appletMainLoop
00000000000079c0 0000000000000014 T hosversionGet
00000000000079e0 0000000000000010 T hosversionSet
00000000000079f0 0000000000000208 T envSetup
0000000000007c00 0000000000000020 T envGetMainThreadHandle
0000000000007c20 000000000000000c T envIsNso
0000000000007c30 0000000000000014 T envHasHeapOverride
0000000000007c50 000000000000000c T envGetHeapOverrideAddr
0000000000007c60 000000000000000c T envGetHeapOverrideSize
0000000000007c70 0000000000000014 T envHasArgv
0000000000007c90 000000000000000c T envGetArgv
0000000000007ca0 000000000000000c T envGetExitFuncPtr
0000000000007cb0 000000000000000c T envSetExitFuncPtr
0000000000007cc0 000000000000000c T envHasRandomSeed
0000000000007cd0 0000000000000010 T envGetRandomSeed
0000000000007ce0 000000000000009c T padConfigureInput
0000000000007d80 0000000000000024 T padInitializeWithMask
0000000000007db0 0000000000000294 T padUpdate
0000000000008050 000000000000001c W diagAbortWithResult
0000000000008070 0000000000000050 t consoleDrawChar
00000000000080c0 00000000000000b8 t consoleNewRow
0000000000008180 0000000000000194 t consolePrintChar.part.0
0000000000008320 0000000000000df8 t con_write
0000000000009120 00000000000000e4 T consoleInit
0000000000009210 0000000000000044 T consoleExit
0000000000009260 000000000000002c T consoleUpdate
0000000000009290 0000000000000004 T consoleClear
00000000000092a0 00000000000001bc t ConsoleSwRenderer_drawChar
0000000000009460 00000000000000e8 t ConsoleSwRenderer_init
0000000000009550 0000000000000078 t ConsoleSwRenderer_flushAndSwap
00000000000095d0 00000000000000ec t ConsoleSwRenderer_scrollWindow
00000000000096c0 0000000000000050 t ConsoleSwRenderer_deinit
0000000000009710 000000000000000c W getDefaultConsoleRenderer
0000000000009720 00000000000001c8 t _usbCommsRead
00000000000098f0 0000000000000198 t _usbCommsWrite
0000000000009a90 00000000000000b0 T usbCommsExit
0000000000009b40 0000000000000700 T usbCommsInitializeEx
000000000000a240 0000000000000014 T usbCommsInitialize
000000000000a260 0000000000000144 T usbCommsReadEx
000000000000a3b0 0000000000000008 T usbCommsRead
000000000000a3c0 0000000000000144 T usbCommsWriteEx
000000000000a510 0000000000000008 T usbCommsWrite
000000000000a518 T svcSetHeapSize
000000000000a52c T svcSetMemoryPermission
000000000000a534 T svcSetMemoryAttribute
000000000000a53c T svcUnmapMemory
000000000000a544 T svcQueryMemory
000000000000a558 T svcExitProcess
000000000000a560 T svcSleepThread
000000000000a568 T svcClearEvent
000000000000a570 T svcMapSharedMemory
000000000000a578 T svcUnmapSharedMemory
000000000000a580 T svcCreateTransferMemory
000000000000a594 T svcCloseHandle
000000000000a59c T svcResetSignal
000000000000a5a4 T svcWaitSynchronization
000000000000a5b8 T svcArbitrateLock
000000000000a5c0 T svcArbitrateUnlock
000000000000a5c8 T svcWaitProcessWideKeyAtomic
000000000000a5d0 T svcSignalProcessWideKey
000000000000a5d8 T svcConnectToNamedPort
000000000000a5ec T svcSendSyncRequest
000000000000a5f4 T svcBreak
000000000000a5fc T svcReturnFromException
000000000000a604 T svcGetInfo
000000000000a618 T svcUnmapTransferMemory
000000000000a620 T __aarch64_read_tp
000000000000a630 000000000000057c T waitObjects
000000000000abb0 0000000000000098 T rwlockReadLock
000000000000ac50 00000000000000bc T rwlockReadUnlock
000000000000ad10 000000000000009c T rwlockWriteLock
000000000000adb0 0000000000000078 T rwlockWriteUnlock
000000000000ae30 00000000000000a8 T tmemCreate
000000000000aee0 0000000000000034 T tmemUnmap
000000000000af20 0000000000000030 T tmemCloseHandle
000000000000af50 000000000000009c T tmemWaitForPermission
000000000000aff0 0000000000000050 T tmemClose
000000000000b040 00000000000000c8 T mutexLock
000000000000b110 0000000000000068 T mutexUnlock
000000000000b180 000000000000001c T mutexIsLockedByCurrentThread
000000000000b1a0 0000000000000058 T rmutexLock
000000000000b200 000000000000001c T rmutexUnlock
000000000000b220 0000000000000064 t _memregionInitWithInfo
000000000000b290 0000000000000004 W __libnx_virtmem_rng
000000000000b2a0 0000000000000164 t _memregionFindRandom
000000000000b410 0000000000000140 T virtmemSetup
000000000000b550 000000000000000c T virtmemLock
000000000000b560 000000000000000c T virtmemUnlock
000000000000b570 0000000000000050 T virtmemFindAslr
000000000000b5c0 000000000000000c T eventLoadRemote
000000000000b5d0 0000000000000034 T eventWait
000000000000b610 0000000000000024 T eventClear
000000000000b640 0000000000000054 T eventClose
000000000000b6a0 0000000000000070 T condvarWaitTimeout
000000000000b710 0000000000000410 T randomGet
000000000000bb20 0000000000000020 T randomGet64
000000000000bb40 0000000000000184 T sessionmgrCreate
000000000000bcd0 0000000000000084 T sessionmgrClose
000000000000bd60 00000000000000a8 T sessionmgrAttachClient
000000000000be10 0000000000000060 T sessionmgrDetachClient
000000000000be70 00000000000000d4 t _apmCleanup
000000000000bf50 0000000000000194 T apmInitialize
000000000000c0f0 0000000000000048 T apmExit
000000000000c140 00000000000000c8 T apmSetPerformanceConfiguration
000000000000c210 000000000000012c t _hidCleanup
000000000000c340 00000000000000d4 t _hidCmdInAruidNoOut
000000000000c420 00000000000000e0 t _hidCmdInU32AruidNoOut
000000000000c500 0000000000000194 t _hidGetStates
000000000000c6a0 000000000000026c T hidInitialize
000000000000c910 0000000000000048 T hidExit
000000000000c960 000000000000000c T hidGetSharedmemAddr
000000000000c970 0000000000000090 T hidGetNpadStyleSet
000000000000ca00 0000000000000084 T hidInitializeNpad
000000000000ca90 00000000000000a4 T hidGetNpadStatesFullKey
000000000000cb40 00000000000000a4 T hidGetNpadStatesHandheld
000000000000cbf0 00000000000000a4 T hidGetNpadStatesJoyDual
000000000000cca0 00000000000000a4 T hidGetNpadStatesJoyLeft
000000000000cd50 00000000000000a4 T hidGetNpadStatesJoyRight
000000000000ce00 0000000000000144 T hidGetNpadStatesGc
000000000000cf50 00000000000000a8 T hidGetNpadStatesSystemExt
000000000000d000 0000000000000008 T hidSetSupportedNpadStyleSet
000000000000d010 0000000000000100 T hidSetSupportedNpadIdType
000000000000d110 00000000000001f4 t _usbDsRegisterInterface
000000000000d310 0000000000000178 t _usbDsAddUsbStringDescriptorRaw
000000000000d490 0000000000000110 t _usbDsPostBuffer
000000000000d5a0 00000000000000f4 t _usbDsCmdSendBufNoOut.constprop.0
000000000000d6a0 00000000000000e4 t _usbDsCmdNoInOutU32.constprop.0
000000000000d790 0000000000000290 t _usbDsBindDevice.constprop.0
000000000000da20 00000000000000f4 t _usbDsGetEvent.constprop.0
000000000000db20 00000000000000f4 t _usbDsGetReport.isra.0
000000000000dc20 00000000000000c0 t _usbDsCmdNoIO.isra.0
000000000000dce0 000000000000006c t _usbDsAllocateEndpoint.isra.0
000000000000dd50 0000000000000034 T usbDsGetState
000000000000dd90 000000000000013c T usbDsWaitReady
000000000000ded0 00000000000000a0 T usbDsParseReportData
000000000000df70 0000000000000050 T usbDsClearDeviceData
000000000000dfc0 0000000000000070 T usbDsAddUsbStringDescriptor
000000000000e030 0000000000000078 T usbDsAddUsbLanguageStringDescriptor
000000000000e0b0 000000000000016c T usbDsSetUsbDeviceDescriptor
000000000000e220 000000000000005c T usbDsSetBinaryObjectStore
000000000000e280 0000000000000050 T usbDsEnable
000000000000e2d0 0000000000000050 T usbDsDisable
000000000000e320 000000000000005c T usbDsInterface_EnableInterface
000000000000e380 000000000000005c T usbDsInterface_DisableInterface
000000000000e3e0 0000000000000234 T usbDsInterface_AppendConfigurationData
000000000000e620 000000000000001c T usbDsEndpoint_PostBufferAsync
000000000000e640 0000000000000020 T usbDsEndpoint_Cancel
000000000000e660 00000000000000a8 t _usbDsFreeEndpoint.part.0
000000000000e710 0000000000000104 t _usbDsFreeInterface.part.0
000000000000e820 0000000000000190 t _usbDsCleanup
000000000000e9b0 0000000000000048 T usbDsExit
000000000000ea00 0000000000000454 T usbDsInitialize
000000000000ee60 00000000000003b4 T usbDsGetDsInterface
000000000000f220 0000000000000228 T usbDsRegisterInterface
000000000000f450 0000000000000204 T usbDsInterface_GetDsEndpoint
000000000000f660 00000000000001e4 T usbDsInterface_RegisterEndpoint
000000000000f850 0000000000000024 T usbDsEndpoint_GetReportData
000000000000f880 000000000000008c T framebufferMakeLinear
000000000000f910 0000000000000084 T framebufferClose
000000000000f9a0 0000000000000290 T framebufferCreate
000000000000fc30 000000000000007c T framebufferBegin
000000000000fcb0 0000000000000190 T framebufferEnd
000000000000fe40 000000000000000c T nwindowGetDefault
000000000000fe50 00000000000000a4 T __nx_win_init
000000000000ff00 0000000000000034 T __nx_win_exit
000000000000ff40 0000000000000024 T nwindowIsValid
000000000000ff70 000000000000007c T nwindowClose
000000000000fff0 00000000000000f8 T nwindowCreate
00000000000100f0 0000000000000038 T nwindowCreateFromLayer
0000000000010130 0000000000000084 T nwindowSetDimensions
00000000000101c0 0000000000000180 T nwindowConfigureBuffer
0000000000010340 00000000000001cc T nwindowDequeueBuffer
0000000000010510 000000000000012c T nwindowQueueBuffer
0000000000010640 00000000000000bc T nwindowReleaseBuffers
0000000000010700 00000000000001fc T __nx_dynamic
0000000000010900 00000000000000d0 W __libnx_initheap
00000000000109d0 00000000000000ec W __appInit
0000000000010ac0 0000000000000044 W __appExit
0000000000010b10 000000000000002c W __libnx_init
0000000000010b40 000000000000001c W __libnx_exit
0000000000010b60 0000000000000004 W __libnx_alloc
0000000000010b70 0000000000000014 W __libnx_aligned_alloc
0000000000010b90 0000000000000004 W __libnx_free
0000000000010ba0 000000000000001c T __syscall_exit
0000000000010bc0 0000000000000034 T __syscall_getreent
0000000000010c00 0000000000000004 T __syscall_lock_acquire
0000000000010c10 0000000000000004 T __syscall_lock_release
0000000000010c20 0000000000000004 T __syscall_lock_acquire_recursive
0000000000010c30 0000000000000004 T __syscall_lock_release_recursive
0000000000010c40 000000000000001c T __syscall_cond_broadcast
0000000000010c60 000000000000003c T __syscall_cond_wait
0000000000010ca0 0000000000000040 T __syscall_tls_create
0000000000010ce0 0000000000000018 T __syscall_tls_set
0000000000010d00 0000000000000004 T __syscall_tls_get
0000000000010d10 0000000000000018 T __syscall_tls_delete
0000000000010d30 000000000000025c T __libnx_init_time
0000000000010f90 0000000000000098 T newlibSetup
0000000000011030 0000000000000314 W argvSetup
0000000000011350 0000000000000010 t fsdev_link
0000000000011360 0000000000000010 t fsdev_dirreset
0000000000011370 0000000000000010 t fsdev_chmod
0000000000011380 0000000000000018 t error_cmp
00000000000113a0 0000000000000020 t fsdev_dirclose
00000000000113c0 000000000000001c t fsdev_close
00000000000113e0 0000000000000074 t fsdev_converttimetoutc
0000000000011460 00000000000000d4 t fsdevFindDevice.part.0
0000000000011540 00000000000001cc t fsdev_fixpath
0000000000011710 000000000000009c t _fsdevUnmountDeviceStruct.part.0
00000000000117b0 0000000000000010 t fsdev_fchmod
00000000000117c0 0000000000000100 t fsdev_diropen
00000000000118c0 00000000000000f8 t fsdev_statvfs
00000000000119c0 000000000000007c t fsdev_fsync
0000000000011a40 00000000000000ec t fsdev_fstat
0000000000011b30 0000000000000094 t fsdev_ftruncate
0000000000011bd0 00000000000001d8 t fsdev_stat
0000000000011db0 000000000000014c t fsdev_rename
0000000000011f00 000000000000013c t fsdev_chdir
0000000000012040 00000000000000a4 t fsdev_rmdir
00000000000120f0 00000000000000a4 t fsdev_mkdir
00000000000121a0 00000000000000a4 t fsdev_unlink
0000000000012250 000000000000013c t fsdev_write_safe
0000000000012390 0000000000000134 t fsdev_read_safe
00000000000124d0 0000000000000100 t fsdev_read
00000000000125d0 00000000000001d4 t fsdev_dirnext
00000000000127b0 0000000000000124 t fsdev_write
00000000000128e0 0000000000000110 t fsdev_seek
00000000000129f0 0000000000000230 t fsdev_open
0000000000012c20 0000000000000324 T fsdevMountDevice
0000000000012f50 0000000000000040 T fsdevMountSdmc
0000000000012f90 00000000000000bc T __libnx_init_cwd
0000000000013050 0000000000000064 T fsdevUnmountAll
00000000000130c0 0000000000000128 T decode_utf8
00000000000131f0 0000000000000104 T utf8_to_utf16
00000000000132f4 T armDCacheFlush
0000000000013324 t armDCacheFlush_L0
0000000000013340 W __libnx_exception_entry
00000000000133cc t __libnx_exception_entry_start
00000000000134f4 t __libnx_exception_entry_abort
00000000000134f8 t __libnx_exception_entry_end
0000000000013500 T __libnx_exception_returnentry
0000000000013520 0000000000000014 T shmemLoadRemote
0000000000013540 0000000000000070 T shmemMap
00000000000135b0 0000000000000034 T shmemUnmap
00000000000135f0 000000000000004c T shmemClose
0000000000013640 00000000000000b0 T __libnx_init_thread
00000000000136f0 0000000000000010 T threadTlsGet
0000000000013700 0000000000000010 T threadTlsSet
0000000000013710 00000000000000d8 T threadTlsAlloc
00000000000137f0 0000000000000044 T threadTlsFree
0000000000013840 0000000000000230 t _viCleanup
0000000000013a70 0000000000000100 t _viCmdGetSessionNoParams.constprop.0
0000000000013b70 0000000000000368 T viInitialize
0000000000013ee0 0000000000000048 T viExit
0000000000013f30 000000000000000c T viGetSession_IHOSBinderDriverRelay
0000000000013f40 000000000000010c T viOpenDisplay
0000000000014050 00000000000000ec T viCloseDisplay
0000000000014140 00000000000000f4 T viCloseLayer
0000000000014240 0000000000000394 T viCreateLayer
00000000000145e0 00000000000000d8 T viSetLayerScalingMode
00000000000146c0 00000000000000d0 t _setsysGetFirmwareVersionImpl
0000000000014790 0000000000000078 t _setsysCleanup
0000000000014810 00000000000000a0 T setsysInitialize
00000000000148b0 0000000000000048 T setsysExit
0000000000014900 0000000000000048 T setsysGetFirmwareVersion
0000000000014950 00000000000000d0 t _nvCleanup
0000000000014a20 00000000000000d4 t _nvCmdInitialize.constprop.0
0000000000014b00 0000000000000018 W __nx_nv_create_tmem
0000000000014b20 00000000000003a8 T nvInitialize
0000000000014ed0 0000000000000048 T nvExit
0000000000014f20 00000000000000f4 T nvConvertError
0000000000015020 0000000000000114 T nvOpen
0000000000015140 0000000000000310 T nvIoctl
0000000000015450 00000000000000d4 T nvClose
0000000000015530 000000000000010c T nvQueryEvent
0000000000015640 000000000000027c t _timeCleanup
00000000000158c0 0000000000000100 t _timeCmdGetSession.constprop.0
00000000000159c0 0000000000000104 t _timeReadClockFromSharedMem
0000000000015ad0 0000000000000300 T timeInitialize
0000000000015dd0 0000000000000048 T timeExit
0000000000015e20 0000000000000038 T timeGetServiceSession_SystemClock
0000000000015e60 00000000000000fc T timeGetCurrentTime
0000000000015f60 0000000000000108 T timeToCalendarTimeWithMyRule
0000000000016070 0000000000000114 T timeToPosixTimeWithMyRule
0000000000016190 0000000000000074 t _nvFenceCleanup
0000000000016210 0000000000000098 T nvFenceInit
00000000000162b0 0000000000000048 T nvFenceExit
0000000000016300 0000000000000290 T nvFenceWait
0000000000016590 000000000000007c T nvMultiFenceWait
0000000000016610 00000000000000ac T nvMapInit
00000000000166c0 0000000000000074 T nvMapExit
0000000000016740 000000000000008c T nvMapClose
00000000000167d0 0000000000000160 T nvMapCreate
0000000000016930 0000000000000024 T nvioctlNvhostCtrl_EventSignal
0000000000016960 000000000000003c T nvioctlNvhostCtrl_EventWait
00000000000169a0 0000000000000028 T nvioctlNvhostCtrl_EventWaitAsync
00000000000169d0 0000000000000024 T nvioctlNvhostCtrl_EventRegister
0000000000016a00 0000000000000024 T nvioctlNvhostCtrl_EventUnregister
0000000000016a30 000000000000003c T nvioctlNvmap_Create
0000000000016a70 0000000000000030 T nvioctlNvmap_Alloc
0000000000016aa0 0000000000000030 T nvioctlNvmap_Free
0000000000016ad0 000000000000003c T nvioctlNvmap_GetId
0000000000016b10 00000000000000c8 T bqRequestBuffer
0000000000016be0 0000000000000128 T bqDequeueBuffer
0000000000016d10 00000000000000c8 T bqQueueBuffer
0000000000016de0 0000000000000084 T bqCancelBuffer
0000000000016e70 00000000000000d0 T bqConnect
0000000000016f40 0000000000000088 T bqDisconnect
0000000000016fd0 0000000000000194 T bqSetPreallocatedBuffer
0000000000017170 000000000000001c T binderCreate
0000000000017190 000000000000035c T binderTransactParcel
00000000000174f0 00000000000000e8 T binderConvertErrorCode
00000000000175e0 0000000000000124 T binderAdjustRefcount
0000000000017710 000000000000009c T binderInitSession
00000000000177b0 000000000000005c T binderClose
0000000000017810 0000000000000154 T binderGetNativeHandle
0000000000017970 0000000000000030 T parcelCreate
00000000000179a0 0000000000000174 T parcelTransact
0000000000017b20 0000000000000080 T parcelWriteData
0000000000017ba0 0000000000000088 T parcelReadData
0000000000017c30 0000000000000020 T parcelWriteInt32
0000000000017c50 0000000000000020 T parcelWriteUInt32
0000000000017c70 000000000000007c T parcelWriteString16
0000000000017cf0 0000000000000030 T parcelWriteInterfaceToken
0000000000017d20 0000000000000024 T parcelReadInt32
0000000000017d50 0000000000000068 T parcelReadFlattenedObject
0000000000017dc0 0000000000000044 T parcelWriteFlattenedObject
0000000000017e10 00000000000000e8 T nxlinkSetup
0000000000017f00 0000000000000058 T encode_utf16
0000000000017f60 0000000000000004 T operator delete(void*, unsigned long)
0000000000017f80 0000000000000068 T operator new(unsigned long)
0000000000018000 000000000000005c W std::__cxx11::basic_string<char, std::char_traits<char>, std::allocator<char> >::_M_create(unsigned long&, unsigned long)
0000000000018060 0000000000000018 W std::__cxx11::basic_string<char, std::char_traits<char>, std::allocator<char> >::_M_dispose()
0000000000018080 00000000000000fc W std::__cxx11::basic_string<char, std::char_traits<char>, std::allocator<char> >::_M_assign(std::__cxx11::basic_string<char, std::char_traits<char>, std::allocator<char> > const&)
0000000000018180 0000000000000128 W std::__cxx11::basic_string<char, std::char_traits<char>, std::allocator<char> >::_M_mutate(unsigned long, unsigned long, char const*, unsigned long)
00000000000182c0 00000000000000a4 W std::__cxx11::basic_string<char, std::char_traits<char>, std::allocator<char> >::reserve(unsigned long)
0000000000018380 00000000000000bc W std::__cxx11::basic_string<char, std::char_traits<char>, std::allocator<char> >::_M_append(char const*, unsigned long)
0000000000018440 0000000000000050 W std::__cxx11::basic_string<char, std::char_traits<char>, std::allocator<char> >::find(char, unsigned long) const
00000000000184a0 00000000000000b4 W void std::__cxx11::basic_string<char, std::char_traits<char>, std::allocator<char> >::_M_construct<char const*>(char const*, char const*, std::forward_iterator_tag)
0000000000018560 0000000000000074 W std::__cxx11::basic_string<char, std::char_traits<char>, std::allocator<char> >::substr(unsigned long, unsigned long) const
00000000000185e0 000000000000000c T std::bad_alloc::what() const
0000000000018600 0000000000000014 T std::bad_alloc::~bad_alloc()
0000000000018600 0000000000000014 T std::bad_alloc::~bad_alloc()
0000000000018620 0000000000000020 T std::bad_alloc::~bad_alloc()
0000000000018640 0000000000000004 T operator delete(void*)
0000000000018660 000000000000000c W __gnu_cxx::__concurrence_lock_error::what() const
0000000000018680 000000000000000c W __gnu_cxx::__concurrence_unlock_error::what() const
00000000000186a0 0000000000000014 W __gnu_cxx::__concurrence_lock_error::~__concurrence_lock_error()
00000000000186a0 0000000000000014 W __gnu_cxx::__concurrence_lock_error::~__concurrence_lock_error()
00000000000186c0 0000000000000038 W __gnu_cxx::__concurrence_lock_error::~__concurrence_lock_error()
0000000000018700 0000000000000014 W __gnu_cxx::__concurrence_unlock_error::~__concurrence_unlock_error()
0000000000018700 0000000000000014 W __gnu_cxx::__concurrence_unlock_error::~__concurrence_unlock_error()
0000000000018720 0000000000000038 W __gnu_cxx::__concurrence_unlock_error::~__concurrence_unlock_error()
0000000000018760 0000000000000110 t (anonymous namespace)::pool::free(void*) [clone .constprop.0]
0000000000018880 00000000000000cc t (anonymous namespace)::pool::allocate(unsigned long) [clone .constprop.0]
0000000000018960 0000000000000058 T __cxa_allocate_exception
00000000000189c0 0000000000000028 T __cxa_free_exception
0000000000018a00 000000000000009c T __cxa_begin_catch
0000000000018aa0 0000000000000004 T std::exception::~exception()
0000000000018aa0 0000000000000004 T std::exception::~exception()
0000000000018ac0 0000000000000044 t eh_globals_dtor(void*)
0000000000018b20 0000000000000080 T __cxa_get_globals
0000000000018ba0 000000000000007c t get_adjusted_ptr(std::type_info const*, std::type_info const*, void**)
0000000000018c20 0000000000000138 t read_encoded_value_with_base(unsigned char, unsigned long, unsigned char const*, unsigned long*)
0000000000018d60 0000000000000064 t base_of_encoded_value(unsigned char, _Unwind_Context*)
0000000000018de0 0000000000000108 t check_exception_spec(lsda_header_info*, std::type_info const*, void*, long)
0000000000018f00 00000000000000f8 t parse_lsda_header(_Unwind_Context*, unsigned char const*, lsda_header_info*)
0000000000019000 0000000000000630 T __gxx_personality_v0
0000000000019640 0000000000000018 T __cxxabiv1::__terminate(void (*)())
0000000000019660 0000000000000010 T std::get_terminate()
0000000000019680 0000000000000010 T __cxxabiv1::__unexpected(void (*)())
00000000000196a0 0000000000000010 T std::get_unexpected()
00000000000196c0 0000000000000058 t __gxx_exception_cleanup(_Unwind_Reason_Code, _Unwind_Exception*)
0000000000019720 0000000000000054 T __cxa_init_primary_exception
0000000000019780 000000000000005c T __cxa_throw
00000000000197e0 0000000000000010 T std::get_new_handler()
0000000000019800 0000000000000014 T __cxxabiv1::__si_class_type_info::~__si_class_type_info()
0000000000019800 0000000000000014 T __cxxabiv1::__si_class_type_info::~__si_class_type_info()
0000000000019820 0000000000000020 T __cxxabiv1::__si_class_type_info::~__si_class_type_info()
0000000000019840 0000000000000194 T __cxxabiv1::__si_class_type_info::__do_dyncast(long, __cxxabiv1::__class_type_info::__sub_kind, __cxxabiv1::__class_type_info const*, void const*, __cxxabiv1::__class_type_info const*, void const*, __cxxabiv1::__class_type_info::__dyncast_result&) const
00000000000199e0 00000000000000a8 T __cxxabiv1::__si_class_type_info::__do_find_public_src(long, void const*, __cxxabiv1::__class_type_info const*, void const*) const
0000000000019aa0 0000000000000064 T __cxxabiv1::__si_class_type_info::__do_upcast(__cxxabiv1::__class_type_info const*, void const*, __cxxabiv1::__class_type_info::__upcast_result&) const
0000000000019b20 0000000000000004 T std::type_info::~type_info()
0000000000019b20 0000000000000004 T std::type_info::~type_info()
0000000000019b40 0000000000000008 T std::type_info::__is_pointer_p() const
0000000000019b40 0000000000000008 T std::type_info::__is_function_p() const
0000000000019b60 0000000000000008 T std::logic_error::what() const
0000000000019b60 0000000000000008 T std::runtime_error::what() const
0000000000019b80 0000000000000074 T std::logic_error::~logic_error()
0000000000019b80 0000000000000074 T std::logic_error::~logic_error()
0000000000019c00 000000000000001c T std::logic_error::~logic_error()
0000000000019c20 0000000000000014 T std::invalid_argument::~invalid_argument()
0000000000019c20 0000000000000014 T std::invalid_argument::~invalid_argument()
0000000000019c40 000000000000001c T std::invalid_argument::~invalid_argument()
0000000000019c60 0000000000000014 T std::length_error::~length_error()
0000000000019c60 0000000000000014 T std::length_error::~length_error()
0000000000019c80 000000000000001c T std::length_error::~length_error()
0000000000019ca0 0000000000000014 T std::out_of_range::~out_of_range()
0000000000019ca0 0000000000000014 T std::out_of_range::~out_of_range()
0000000000019cc0 000000000000001c T std::out_of_range::~out_of_range()
0000000000019ce0 00000000000000f8 T std::logic_error::logic_error(char const*)
0000000000019ce0 00000000000000f8 T std::logic_error::logic_error(char const*)
0000000000019de0 0000000000000030 T std::invalid_argument::invalid_argument(char const*)
0000000000019de0 0000000000000030 T std::invalid_argument::invalid_argument(char const*)
0000000000019e20 0000000000000030 T std::length_error::length_error(char const*)
0000000000019e20 0000000000000030 T std::length_error::length_error(char const*)
0000000000019e60 0000000000000030 T std::out_of_range::out_of_range(char const*)
0000000000019e60 0000000000000030 T std::out_of_range::out_of_range(char const*)
0000000000019ea0 0000000000000080 W std::string::_Rep::_S_create(unsigned long, unsigned long, std::allocator<char> const&)
0000000000019f20 0000000000000004 W std::string::_Rep::_M_destroy(std::allocator<char> const&)
0000000000019f40 0000000000000068 T __cxxabiv1::__class_type_info::__do_upcast(__cxxabiv1::__class_type_info const*, void**) const
0000000000019fc0 0000000000000010 T __cxxabiv1::__class_type_info::__do_find_public_src(long, void const*, __cxxabiv1::__class_type_info const*, void const*) const
0000000000019fe0 0000000000000014 T __cxxabiv1::__class_type_info::~__class_type_info()
0000000000019fe0 0000000000000014 T __cxxabiv1::__class_type_info::~__class_type_info()
000000000001a000 0000000000000020 T __cxxabiv1::__class_type_info::~__class_type_info()
000000000001a020 0000000000000090 T __cxxabiv1::__class_type_info::__do_upcast(__cxxabiv1::__class_type_info const*, void const*, __cxxabiv1::__class_type_info::__upcast_result&) const
000000000001a0c0 00000000000000a8 T __cxxabiv1::__class_type_info::__do_catch(std::type_info const*, void**, unsigned int) const
000000000001a180 00000000000000ec T __cxxabiv1::__class_type_info::__do_dyncast(long, __cxxabiv1::__class_type_info::__sub_kind, __cxxabiv1::__class_type_info const*, void const*, __cxxabiv1::__class_type_info const*, void const*, __cxxabiv1::__class_type_info::__dyncast_result&) const
000000000001a280 0000000000000298 t init_dwarf_reg_size_table
000000000001a520 000000000000018c t uw_install_context_1
000000000001a6c0 000000000000018c t read_encoded_value
000000000001a860 00000000000007f8 t execute_stack_op
000000000001b060 0000000000000334 t uw_update_context_1
000000000001b3a0 00000000000000f8 t uw_update_context
000000000001b4a0 0000000000000868 t execute_cfa_program_specialized
000000000001bd20 0000000000000898 t execute_cfa_program_generic
000000000001c5c0 000000000000043c t uw_frame_state_for
000000000001ca00 000000000000036c t uw_init_context_1
000000000001cd80 0000000000000140 t _Unwind_RaiseException_Phase2
000000000001cec0 0000000000000154 t _Unwind_ForcedUnwind_Phase2
000000000001d020 0000000000000050 t _Unwind_SetGR
000000000001d080 0000000000000014 t _Unwind_GetIPInfo
000000000001d0a0 0000000000000008 t _Unwind_SetIP
000000000001d0c0 0000000000000008 t _Unwind_GetLanguageSpecificData
000000000001d0e0 0000000000000008 t _Unwind_GetRegionStart
000000000001d100 0000000000000008 t _Unwind_GetDataRelBase
000000000001d120 0000000000000008 t _Unwind_GetTextRelBase
000000000001d140 0000000000000004 t _Unwind_DebugHook
000000000001d160 00000000000001a4 t _Unwind_RaiseException
000000000001d320 000000000000012c t _Unwind_Resume
000000000001d460 000000000000001c t _Unwind_DeleteException
000000000001d480 0000000000000018 t fde_unencoded_compare
000000000001d4a0 000000000000002c t fde_unencoded_extract
000000000001d4e0 00000000000000ec t frame_downheap
000000000001d5e0 0000000000000138 t read_encoded_value_with_base
000000000001d720 0000000000000220 t fde_radixsort
000000000001d940 0000000000000110 t __deregister_frame_info_bases.part.0
000000000001da60 0000000000000124 t get_cie_encoding
000000000001dba0 00000000000000d8 t fde_mixed_encoding_extract
000000000001dc80 00000000000001e0 t classify_object_over_fdes.constprop.0
000000000001de60 00000000000000bc t fde_single_encoding_extract
000000000001df20 00000000000000a8 t fde_single_encoding_compare
000000000001dfe0 000000000000010c t fde_mixed_encoding_compare
000000000001e100 0000000000000234 t add_fdes.isra.0
000000000001e340 00000000000002e8 t linear_search_fdes
000000000001e640 0000000000000558 t search_object
000000000001eba0 0000000000000060 t __register_frame_info
000000000001ec00 0000000000000018 t __deregister_frame_info
000000000001ec20 00000000000001d0 t _Unwind_Find_FDE
000000000001edf0 0000000000000030 T __arm_za_disable
000000000001edf0 0000000000000030 t __libgcc_arm_za_disable
000000000001ee20 00000000000000a0 T __arm_tpidr2_save
000000000001ee20 00000000000000a0 t __libgcc_arm_tpidr2_save
000000000001eec0 0000000000000024 T getenv
000000000001ef00 0000000000000130 T _fclose_r
000000000001f040 000000000000001c T fclose
000000000001f080 0000000000000104 T memset
000000000001f1a0 0000000000000034 T setenv
000000000001f200 0000000000000134 T strcmp
000000000001f340 00000000000000f4 T _fwrite_r
000000000001f440 0000000000000034 T fwrite
000000000001f480 00000000000001b4 T strncmp
000000000001f640 00000000000000dc T memchr
000000000001f720 000000000000001c t stdio_exit_handler
000000000001f740 000000000000006c t cleanup_stdio
000000000001f7c0 0000000000000134 t global_stdio_init.part.0
000000000001f900 000000000000000c T __sfp_lock_acquire
000000000001f920 000000000000000c T __sfp_lock_release
000000000001f940 0000000000000138 T __sfp
000000000001fa80 0000000000000054 T __sinit
000000000001fae0 00000000000001a4 t _strtoul_l.isra.0
000000000001fca0 0000000000000040 T strtoul
000000000001fce0 00000000000000a4 T __libc_init_array
000000000001fda0 0000000000000088 T strncat
000000000001fe40 0000000000000098 T _fwalk_sglue
000000000001fee0 00000000000000b4 T bsearch
000000000001ffa0 0000000000000014 T __errno
000000000001ffc0 00000000000000cc T strchr
00000000000200a0 000000000000002c T aligned_alloc
00000000000200e0 0000000000000018 T abort
0000000000020100 00000000000000d4 T _puts_r
00000000000201e0 000000000000001c T puts
0000000000020200 000000000000022c T memcpy
0000000000020200 T memmove
0000000000020440 0000000000000020 T putchar
0000000000020460 0000000000000840 T _malloc_r
0000000000020ca0 000000000000011c T _malloc_trim_r
0000000000020dc0 00000000000002d8 T _free_r
00000000000210a0 00000000000000f8 T snprintf
0000000000021198 0000000000000790 t get_arg
0000000000021928 0000000000003a84 T _svfprintf_r
00000000000253c0 0000000000000080 T printf
0000000000025440 0000000000000038 T malloc
0000000000025480 000000000000001c T free
00000000000254a0 00000000000001ec T __sflush_r
00000000000256a0 00000000000000bc T _fflush_r
0000000000025760 000000000000003c T fflush
00000000000257a0 0000000000000028 T gmtime
0000000000025800 0000000000000130 T strlen
0000000000025940 00000000000000f4 T _findenv_r
0000000000025a40 00000000000000b8 T strnlen
0000000000025b00 000000000000000c T __malloc_lock
0000000000025b20 000000000000000c T __malloc_unlock
0000000000025b40 0000000000000258 T _setenv_r
0000000000025dc0 00000000000001c8 T memcmp
0000000000025fa0 0000000000000004 W __call_exitprocs
0000000000025fc0 0000000000000278 T setvbuf
0000000000026240 0000000000000120 T _fopen_r
0000000000026360 000000000000002c T fopen
00000000000263a0 00000000000000ac T strncpy
0000000000026460 00000000000001a4 t _strtoull_l.isra.0
0000000000026620 0000000000000040 T strtoull
0000000000026660 0000000000000010 T _wcsrtombs_r
0000000000026680 0000000000000058 T _remove_r
00000000000266e0 000000000000001c T remove
0000000000026700 000000000000007c T frexp
0000000000026780 00000000000004a4 T __sfvwrite_r
0000000000026c40 000000000000004c T __sread
0000000000026ca0 0000000000000070 T __swrite
0000000000026d20 0000000000000050 T __sseek
0000000000026d80 0000000000000008 T __sclose
0000000000026da0 000000000000009c T _raise_r
0000000000026e40 000000000000001c T raise
0000000000026e60 000000000000000c T __env_lock
0000000000026e80 000000000000000c T __env_unlock
0000000000026ea0 000000000000002c T __locale_mb_cur_max
0000000000026ee0 00000000000000c8 T __ssprint_r
0000000000026fc0 00000000000002a0 T gmtime_r
0000000000027260 000000000000018c T _memalign_r
0000000000027400 0000000000000188 T _wcsnrtombs_l
00000000000275a0 0000000000000054 T _wcsnrtombs_r
0000000000027600 00000000000000e4 T _putc_r
0000000000027700 00000000000002dc T __utf8_mbtowc
00000000000279e0 0000000000000008 T __localeconv_l
0000000000027a00 0000000000000028 T _localeconv_r
0000000000027a28 0000000000000790 t get_arg
00000000000281b8 0000000000003bd4 T _vfprintf_r
000000000002bd8c 00000000000000d0 t __sbprintf
000000000002be60 0000000000000004 T _fseek_r
000000000002be80 00000000000001a4 t quorem
000000000002c040 0000000000001320 T _dtoa_r
000000000002d360 00000000000000d0 T _wcrtomb_r
000000000002d440 00000000000000b8 T __sflags
000000000002d500 0000000000000044 T __libc_fini_array
000000000002d560 00000000000000b0 T __swhatbuf_r
000000000002d620 00000000000000e8 T __smakebuf_r
000000000002d720 0000000000000568 T _realloc_r
000000000002dca0 0000000000000188 T __ssputs_r
000000000002de40 00000000000000e0 T __utf8_wctomb
000000000002df20 000000000000012c T __swsetup_r
000000000002e060 0000000000000064 T __assert_func
000000000002e0e0 00000000000000a4 T _Balloc
000000000002e1a0 0000000000000020 T _Bfree
000000000002e1c0 0000000000000118 T __multadd
000000000002e2e0 0000000000000094 T __hi0bits
000000000002e380 0000000000000100 T __lo0bits
000000000002e480 000000000000004c T __i2b
000000000002e4e0 0000000000000210 T __multiply
000000000002e700 0000000000000104 T __pow5mult
000000000002e820 0000000000000174 T __lshift
000000000002e9a0 0000000000000050 T __mcmp
000000000002ea00 00000000000001c4 T __mdiff
000000000002ebe0 000000000000014c T __d2b
000000000002ed40 0000000000000080 T fiprintf
000000000002edc0 0000000000000118 T __swbuf_r
000000000002eee0 00000000000004c0 T _fseeko_r
000000000002f3a0 0000000000000038 T __sprint_r
000000000002f3e0 00000000000000bc T _calloc_r
000000000002f4a0 0000000000000038 t lflush
000000000002f4e0 0000000000000190 T __srefill_r
000000000002f670 0000000000000790 t get_arg
000000000002fe00 0000000000002964 T _vfiprintf_r
0000000000032764 00000000000000d0 t __sbprintf
0000000000032840 0000000000000020 T _exit
0000000000032860 000000000000016c T chdir
00000000000329e0 0000000000000218 T _concatenate_path
0000000000032c00 000000000000009c T _fstat_r
0000000000032ca0 0000000000000010 T _getpid_r
0000000000032cc0 0000000000000020 T __getreent
0000000000032ce0 00000000000000a0 T __release_handle
0000000000032d80 0000000000000130 T __alloc_handle
0000000000032ec0 0000000000000060 T __get_handle
0000000000032f20 00000000000000f4 T _close_r
0000000000033020 0000000000000008 t null_write
0000000000033040 0000000000000018 T setDefaultDevice
0000000000033060 0000000000000110 T FindDevice
0000000000033180 0000000000000034 T RemoveDevice
00000000000331c0 00000000000000c4 T AddDevice
00000000000332a0 0000000000000034 T GetDeviceOpTab
00000000000332e0 0000000000000008 T _isatty_r
0000000000033300 0000000000000010 T _kill_r
0000000000033320 00000000000000a0 T _lseek_r
00000000000333c0 0000000000000088 T mkdir
0000000000033460 000000000000006c T pthread_mutex_lock
00000000000334e0 000000000000006c T pthread_mutex_unlock
0000000000033560 00000000000000d4 T pthread_once
0000000000033640 0000000000000024 T pthread_key_create
0000000000033680 0000000000000018 T pthread_setspecific
00000000000336a0 0000000000000018 T pthread_getspecific
00000000000336c0 0000000000000018 T pthread_key_delete
00000000000336e0 00000000000000f0 T _open_r
00000000000337e0 00000000000000b0 T _read_r
00000000000338a0 0000000000000084 T _rmdir_r
0000000000033940 0000000000000078 W _sbrk_r
00000000000339c0 0000000000000014 T __libc_lock_acquire
00000000000339e0 0000000000000014 T __libc_lock_release
0000000000033a00 0000000000000014 T __libc_lock_acquire_recursive
0000000000033a20 0000000000000014 T __libc_lock_release_recursive
0000000000033a40 0000000000000018 T __libc_cond_broadcast
0000000000033a60 0000000000000018 T __libc_cond_wait
0000000000033a80 0000000000000080 T _unlink_r
0000000000033b00 00000000000000b0 T _write_r
0000000000033bc0 0000000000000380 t __trunctfdf2
0000000000033f40 0000000000000070 t __sfp_handle_exceptions
0000000000033fc0 0000000000000104 T strrchr
00000000000340c8 T _init
0000000000034100 T _fini
0000000000035e00 0000000000000014 r CSWTCH.1000
0000000000035f90 0000000000000018 r grayScale
0000000000035fa8 0000000000000006 r colorCube
0000000000035fb0 0000000000000030 r colorTable
0000000000035fe0 0000000000000002 r supported_langs.0
0000000000036008 R default_font_bin
0000000000038008 R default_font_bin_end
0000000000038010 0000000000000038 r g_nvColorFmtTable
0000000000038048 0000000000000024 r s_emptyFence.0
0000000000038070 0000000000000020 r error_table
00000000000380e0 0000000000000023 r g_bq_InterfaceDescriptor
0000000000038150 000000000000000d V typeinfo name for std::bad_alloc
0000000000038160 0000000000000027 V typeinfo name for __gnu_cxx::__concurrence_lock_error
0000000000038188 0000000000000029 V typeinfo name for __gnu_cxx::__concurrence_unlock_error
00000000000381b8 000000000000000d V typeinfo name for std::exception
00000000000381c8 0000000000000020 V typeinfo name for __cxxabiv1::__forced_unwind
00000000000381e8 0000000000000024 V typeinfo name for __cxxabiv1::__foreign_exception
0000000000038210 0000000000000025 V typeinfo name for __cxxabiv1::__si_class_type_info
0000000000038238 000000000000000d V typeinfo name for std::type_info
0000000000038248 0000000000000010 V typeinfo name for std::logic_error
0000000000038258 0000000000000015 V typeinfo name for std::invalid_argument
0000000000038270 0000000000000011 V typeinfo name for std::length_error
0000000000038288 0000000000000011 V typeinfo name for std::out_of_range
00000000000382a0 0000000000000022 V typeinfo name for __cxxabiv1::__class_type_info
00000000000383e0 0000000000000008 r terminator.0
00000000000383e8 0000000000000001 R __aarch64_have_sme
0000000000038520 0000000000000010 r zeroes.0
0000000000038530 0000000000000010 r blanks.1
0000000000038540 0000000000000101 R _ctype_
0000000000038648 000000000000006c R __action_table
00000000000386b8 000000000000006c R __state_table
0000000000038728 0000000000000100 R __chclass
0000000000038920 0000000000000010 r zeroes.0
0000000000038930 0000000000000010 r blanks.1
0000000000038958 000000000000000c r p05.0
0000000000038968 0000000000000028 R __mprec_bigtens
0000000000038990 00000000000000c8 R __mprec_tens
0000000000038b50 0000000000000010 r zeroes.0
0000000000038b60 0000000000000010 r blanks.1
0000000000038b70 r __tls_align
0000000000038bf4 r __eh_frame_hdr_end
0000000000038bf4 r __eh_frame_hdr_start
0000000000038bf8 r __EH_FRAME_BEGIN__
00000000000403ac r __FRAME_END__
0000000000041000 d __frame_dummy_init_array_entry
0000000000041000 d __init_array_start
0000000000041000 d __preinit_array_end
0000000000041000 d __preinit_array_start
0000000000041000 d __relro_start
0000000000041018 d __do_global_dtors_aux_fini_array_entry
0000000000041018 d __fini_array_start
0000000000041018 d __init_array_end
0000000000041028 0000000000000100 d dotab_stdout
0000000000041028 d __fini_array_end
0000000000041128 0000000000000100 d fsdev_devoptab
0000000000041228 0000000000000100 D dotab_stdnull
0000000000041328 0000000000000018 V typeinfo for std::bad_alloc
0000000000041340 0000000000000028 V vtable for std::bad_alloc
0000000000041368 0000000000000018 V typeinfo for __gnu_cxx::__concurrence_lock_error
0000000000041380 0000000000000018 V typeinfo for __gnu_cxx::__concurrence_unlock_error
0000000000041398 0000000000000028 V vtable for __gnu_cxx::__concurrence_lock_error
00000000000413c0 0000000000000028 V vtable for __gnu_cxx::__concurrence_unlock_error
00000000000413e8 0000000000000010 V typeinfo for std::exception
00000000000413f8 0000000000000010 V typeinfo for __cxxabiv1::__forced_unwind
0000000000041408 0000000000000010 V typeinfo for __cxxabiv1::__foreign_exception
0000000000041418 0000000000000018 V typeinfo for __cxxabiv1::__si_class_type_info
0000000000041430 0000000000000058 V vtable for __cxxabiv1::__si_class_type_info
0000000000041488 0000000000000010 V typeinfo for std::type_info
0000000000041498 0000000000000018 V typeinfo for std::logic_error
00000000000414b0 0000000000000018 V typeinfo for std::invalid_argument
00000000000414c8 0000000000000018 V typeinfo for std::length_error
00000000000414e0 0000000000000018 V typeinfo for std::out_of_range
00000000000414f8 0000000000000028 V vtable for std::logic_error
0000000000041520 0000000000000028 V vtable for std::invalid_argument
0000000000041548 0000000000000028 V vtable for std::length_error
0000000000041570 0000000000000028 V vtable for std::out_of_range
0000000000041598 0000000000000018 V typeinfo for __cxxabiv1::__class_type_info
00000000000415b0 0000000000000058 V vtable for __cxxabiv1::__class_type_info
0000000000041608 a _DYNAMIC
0000000000041758 a _GLOBAL_OFFSET_TABLE_
0000000000041758 d __got_start__
0000000000041af8 d __got_end__
0000000000042000 d __data_start
0000000000042000 0000000000000004 V __nx_fs_num_sessions
0000000000042008 0000000000000008 V __nx_applet_init_timeout
0000000000042010 0000000000000001 V __nx_applet_auto_notifyrunning
0000000000042014 0000000000000004 V __nx_applet_type
0000000000042018 0000000000000008 d currentConsole
0000000000042020 0000000000000050 d defaultConsole
0000000000042070 0000000000000088 d s_consoleSwRenderer
00000000000420f8 0000000000000008 V __nx_exception_stack_size
0000000000042100 0000000000000001 V __nx_fsdev_support_cwd
0000000000042104 0000000000000004 V __nx_fsdev_direntry_cache_size
0000000000042108 0000000000000004 d g_viServiceType
000000000004210c 0000000000000004 V __nx_vi_stray_layer_flags
0000000000042110 0000000000000004 V __nx_nv_transfermem_size
0000000000042114 0000000000000004 V __nx_nv_service_type
0000000000042118 0000000000000004 d g_ctrl_fd
000000000004211c 0000000000000004 d g_nvmap_fd
0000000000042120 0000000000000008 V DW.ref.__gxx_personality_v0
0000000000042128 0000000000000008 D __cxxabiv1::__unexpected_handler
0000000000042130 0000000000000008 D __cxxabiv1::__terminate_handler
0000000000042138 0000000000000018 D __sglue
0000000000042150 0000000000000008 D __malloc_sbrk_base
0000000000042158 0000000000000008 D __malloc_trim_threshold
0000000000042160 0000000000000810 D __malloc_av_
0000000000042970 0000000000000008 D _impure_ptr
0000000000042978 0000000000000180 D _impure_data
0000000000042af8 00000000000001a8 D __global_locale
0000000000042ca0 0000000000000008 D environ
0000000000042cb0 0000000000000400 d _current_working_directory
00000000000430c0 0000000000002000 d handles
00000000000450c0 0000000000000010 d __stderr_handle
00000000000450d0 0000000000000010 d __stdout_handle
00000000000450e0 0000000000000010 d __stdin_handle
00000000000450f0 0000000000000118 D devoptab_list
0000000000045208 0000000000000004 d defaultDevice
0000000000045210 d __tdata_lma
0000000000045210 d __tdata_lma_end
0000000000046000 b __bss_start__
0000000000046000 b completed.1
0000000000046008 b object.0
0000000000046038 0000000000000008 b printProgress(unsigned long, unsigned long)::lastTime
0000000000046040 0000000000000008 b printProgress(unsigned long, unsigned long)::lastBytes
0000000000046048 0000000000000038 B pad
0000000000047000 0000000000100000 b USBClient::downloadFile(std::__cxx11::basic_string<char, std::char_traits<char>, std::allocator<char> > const&, std::__cxx11::basic_string<char, std::char_traits<char>, std::allocator<char> > const&, std::function<void (unsigned long, unsigned long)>, unsigned long)::chunkBuffer
0000000000147000 0000000000001000 b USBClient::listFiles()::listBuf
0000000000148000 0000000000000008 b g_fsGuard
0000000000148010 0000000000000054 b g_fsSessionMgr
0000000000148068 0000000000000010 b g_fsSrv
0000000000148078 0000000000000008 b g_smGuard
0000000000148080 0000000000000008 b g_smOverridesNum
0000000000148088 0000000000000180 b g_smOverrides
0000000000148208 0000000000000010 b g_smSrv
0000000000148218 0000000000000008 b g_appletGuard
0000000000148220 0000000000000001 b g_appletInfoInitialized
0000000000148228 0000000000000050 b g_appletInfo
0000000000148278 0000000000000004 b g_appletCpuBoostMode
0000000000148280 000000000000000c b g_appletLibraryAppletLaunchableEvent
000000000014828c 0000000000000001 b g_appletSuspendedTickInitialized
0000000000148290 0000000000000008 b g_appletSuspendedTick
0000000000148298 0000000000000008 b g_appletInitTickBase
00000000001482a0 000000000000000c b g_appletSuspendedTickEvent
00000000001482ac 0000000000000001 b g_appletCopyrightInitialized
00000000001482b0 0000000000000028 b g_appletCopyrightTmem
00000000001482d8 0000000000000004 b g_appletRecordingInitialized
00000000001482e0 0000000000000028 b g_appletRecordingTmem
0000000000148308 0000000000000018 b g_appletFirstHook
0000000000148320 0000000000000001 b g_appletNotifiedRunning
0000000000148321 0000000000000001 b g_appletFocusState
0000000000148324 0000000000000004 b g_appletPerformanceMode
0000000000148328 0000000000000001 b g_appletOperationMode
0000000000148330 0000000000000008 b g_appletResourceUserId
0000000000148338 000000000000000c b g_appletMessageEvent
0000000000148348 0000000000000010 b g_appletIDebugFunctions
0000000000148358 0000000000000010 b g_appletIDisplayController
0000000000148368 0000000000000010 b g_appletIAudioController
0000000000148378 0000000000000010 b g_appletIWindowController
0000000000148388 0000000000000010 b g_appletISelfController
0000000000148398 0000000000000010 b g_appletICommonStateGetter
00000000001483a8 0000000000000010 b g_appletILibraryAppletCreator
00000000001483b8 0000000000000010 b g_appletIProcessWindingController
00000000001483c8 0000000000000010 b g_appletILibraryAppletSelfAccessor
00000000001483d8 0000000000000010 b g_appletIApplicationCreator
00000000001483e8 0000000000000010 b g_appletIGlobalStateController
00000000001483f8 0000000000000010 b g_appletIFunctions
0000000000148408 0000000000000010 b g_appletIAppletCommonFunctions
0000000000148418 0000000000000004 b g_appletExitProcessResult
000000000014841c 0000000000000001 b g_appletExitProcessFlag
000000000014841d 0000000000000001 b g_appletLeftInitialized
0000000000148420 0000000000000010 b g_appletProxySession
0000000000148430 0000000000000010 b g_appletSrv
0000000000148440 0000000000000004 V __nx_applet_exit_mode
0000000000148448 0000000000000008 V __nx_applet_PerformanceConfiguration
0000000000148450 0000000000000080 V __nx_applet_AppletAttribute
00000000001484d0 0000000000000004 b g_hosVersion
00000000001484d8 0000000000000008 b g_userIdStorage
00000000001484e0 0000000000000010 b g_randomSeed
00000000001484f0 0000000000000001 b g_hasRandomSeed
00000000001484f4 0000000000000004 b g_lastLoadResult
00000000001484f8 0000000000000008 b g_nextLoadArgv
0000000000148500 0000000000000008 b g_nextLoadPath
0000000000148508 0000000000000004 b g_processHandle
0000000000148510 0000000000000018 b g_syscallHints
0000000000148528 0000000000000008 b g_overrideArgv
0000000000148530 0000000000000008 b g_overrideHeapSize
0000000000148538 0000000000000008 b g_overrideHeapAddr
0000000000148540 0000000000000008 b g_loaderRetAddr
0000000000148548 0000000000000004 b g_mainThreadHandle
0000000000148550 0000000000000008 b g_loaderInfoSize
0000000000148558 0000000000000008 b g_loaderInfo
0000000000148560 0000000000000001 b g_isNso
0000000000148561 0000000000000001 b didFirstConsoleInit.0
0000000000148570 0000000000000068 b escapeSeq
00000000001485d8 0000000000000050 b currentCopy
0000000000148628 0000000000000020 b g_usbCommsLock
0000000000148648 0000000000000001 b g_usbCommsErrorHandling
0000000000148650 0000000000000240 b g_usbCommsInterfaces
0000000000148890 0000000000000001 b g_usbCommsInitialized
0000000000148898 B __stack_top
00000000001488a0 0000000000000001 b g_IsLegacyKernel
00000000001488a8 0000000000000008 b g_Reservations
00000000001488b0 0000000000000010 b g_StackRegion
00000000001488c0 0000000000000010 b g_AslrRegion
00000000001488d0 0000000000000010 b g_HeapRegion
00000000001488e0 0000000000000010 b g_AliasRegion
00000000001488f0 0000000000000004 b g_VirtmemMutex
00000000001488f4 0000000000000004 b g_randMutex
00000000001488f8 0000000000000001 b g_randInit
0000000000148900 0000000000000040 b g_chacha
0000000000148940 0000000000000008 b g_apmGuard
0000000000148948 0000000000000010 b g_apmISession
0000000000148958 0000000000000010 b g_apmSrv
0000000000148968 0000000000000008 b g_hidGuard
0000000000148970 0000000000000008 b g_sevenSixAxisSensorBuffer
0000000000148978 0000000000000020 b g_hidSharedmem
0000000000148998 0000000000000010 b g_hidIActiveVibrationDeviceList
00000000001489a8 0000000000000010 b g_hidIAppletResource
00000000001489b8 0000000000000010 b g_hidSrv
00000000001489c8 0000000000000008 b g_usbDsGuard
00000000001489d0 0000000000001000 b g_usbDsEndpointTable
00000000001499d0 00000000000000e0 b g_usbDsInterfaceTable
0000000000149ab0 000000000000000c b g_usbDsStateChangeEvent
0000000000149ac0 0000000000000010 b g_usbDsSrv
0000000000149ad0 0000000000000010 b g_usbDsRootSrv
0000000000149ae0 0000000000000080 b g_defaultWin
0000000000149b60 0000000000000010 b g_viLayer
0000000000149b70 0000000000000050 b g_viDisplay
0000000000149bc0 0000000000000340 B __nx_exceptiondump
0000000000149f00 0000000000000004 V __nx_exception_ignoredebug
0000000000149f10 0000000000000400 V __nx_exception_stack
000000000014a310 0000000000000008 V __nx_heap_size
000000000014a318 0000000000000008 b __bootticks
000000000014a320 0000000000000008 b __boottime
000000000014a328 0000000000000004 V __nx_time_type
000000000014a330 0000000000000008 b g_argv_empty
000000000014a338 0000000000000008 B __system_argv
000000000014a340 0000000000000004 B __system_argc
000000000014a350 0000000000002800 b fsdev_fsdevices
000000000014cb50 0000000000000004 b fsdev_fsdevice_cwd
000000000014cb54 0000000000000001 b fsdev_initialised
000000000014cb60 0000000000000060 b g_tlsDestructors
000000000014cbc0 0000000000000008 b g_tlsUsageMask
000000000014cbd0 0000000000000038 b g_mainThread
000000000014cc08 0000000000000008 b g_threadList
000000000014cc10 0000000000000004 b g_threadMutex
000000000014cc18 0000000000000008 b g_viGuard
000000000014cc20 0000000000000010 b g_viIHOSBinderDriverIndirect
000000000014cc30 0000000000000010 b g_viIManagerDisplayService
000000000014cc40 0000000000000010 b g_viISystemDisplayService
000000000014cc50 0000000000000010 b g_viIHOSBinderDriverRelay
000000000014cc60 0000000000000010 b g_viIApplicationDisplayService
000000000014cc70 0000000000000010 b g_viRootService
000000000014cc80 0000000000000008 V __nx_vi_layer_id
000000000014cc88 0000000000000008 b g_setsysGuard
000000000014cc90 0000000000000010 b g_setsysSrv
000000000014cca0 0000000000000008 b g_nvGuard
000000000014cca8 0000000000000028 b g_nvTransfermem
000000000014ccd0 0000000000000010 b g_nvSrvClone
000000000014cce0 0000000000000010 b g_nvSrv
000000000014ccf0 0000000000000008 b g_timeGuard
000000000014ccf8 0000000000000020 b g_timeSharedmem
000000000014cd18 0000000000000010 b g_timeLocalSystemClock
000000000014cd28 0000000000000010 b g_timeTimeZoneService
000000000014cd38 0000000000000010 b g_timeSteadyClock
000000000014cd48 0000000000000010 b g_timeNetworkSystemClock
000000000014cd58 0000000000000010 b g_timeUserSystemClock
000000000014cd68 0000000000000010 b g_timeSrv
000000000014cd78 0000000000000004 V __nx_time_service_type
000000000014cd80 0000000000000008 b g_nvFenceGuard
000000000014cd88 0000000000000300 b g_NvEvents
000000000014d088 0000000000000008 b g_NvEventUsedMask
000000000014d090 0000000000000008 b g_nvMapGuard
000000000014d098 0000000000000004 B __nxlink_host
000000000014d0a0 0000000000000028 b (anonymous namespace)::emergency_pool
000000000014d0c8 0000000000000004 b init
000000000014d0cc 0000000000000001 B __eh_globals_init::_S_init
000000000014d0d0 0000000000000010 b (anonymous namespace)::eh_globals
000000000014d0e0 0000000000000008 b (anonymous namespace)::__new_handler
000000000014d0e8 0000000000000020 V std::string::_Rep::_S_empty_rep_storage
000000000014d108 0000000000000004 b once_regsizes.0
000000000014d110 0000000000000062 b dwarf_reg_size_table
000000000014d178 0000000000000010 b object_mutex
000000000014d188 0000000000000008 b seen_objects
000000000014d190 0000000000000008 b unseen_objects
000000000014d198 000000000000000c b __sfp_recursive_mutex
000000000014d1a8 0000000000000228 B __sf
000000000014d3d0 0000000000000008 B __stdio_exit_handler
000000000014d3d8 0000000000000050 B __malloc_current_mallinfo
000000000014d428 0000000000000008 B __malloc_max_total_mem
000000000014d430 0000000000000008 B __malloc_max_sbrked_mem
000000000014d438 0000000000000008 B __malloc_top_pad
000000000014d440 000000000000000c b __malloc_recursive_mutex
000000000014d44c 0000000000000004 b alloced.0
000000000014d450 000000000000000c b __env_recursive_mutex
000000000014d460 0000000000000008 b initial_env
000000000014d470 0000000000000400 b temp_cwd
000000000014d870 0000000000000004 b __hndl_lock
000000000014d878 0000000000000008 B fake_heap_start
000000000014d880 0000000000000008 B fake_heap_end
000000000014d888 0000000000000004 b __pthread_once_cv
000000000014d88c 0000000000000004 b __pthread_once_lock
000000000014d890 0000000000000008 b heap_start.0
000000000014d898 b __tls_start
000000000014dca8 b __bss_end__
000000000014dca8 b __end__
000000000014dca8 b __tls_end
000000000014e000 b __argdata__
